<?xml version="1.0" encoding="UTF-8"?>
<testng-results ignored="0" total="3" passed="2" failed="1" skipped="0">
  <reporter-output>
    <line>
      <![CDATA[Test cases : OpenAccountTest.openAccount(java.lang.String,java.lang.String)[pri:0, instance:com.w2a.testcases.OpenAccountTest@2a65bb85]---->null]]>
    </line>
    <line>
      <![CDATA[<a target="_blank" href=Sun_Dec_25_11_08_00_IST_2022.jpg>Screenshot Captured</a>]]>
    </line>
    <line>
      <![CDATA[<a target="_blank" href=Sun_Dec_25_11_08_00_IST_2022.jpg><img src=Sun_Dec_25_11_08_00_IST_2022.jpg height=200 width=200></a>]]>
    </line>
  </reporter-output>
  <suite started-at="2022-12-25T11:07:46 IST" name="TestNG Learning" finished-at="2022-12-25T11:08:00 IST" duration-ms="13892">
    <groups>
    </groups>
    <test started-at="2022-12-25T11:07:46 IST" name="Bank Manager Login Test" finished-at="2022-12-25T11:07:46 IST" duration-ms="250">
      <class name="com.w2a.testcases.BankManagerLoginTest">
        <test-method signature="loginAsBankManager()[pri:0, instance:com.w2a.testcases.BankManagerLoginTest@42b64ab8]" started-at="2022-12-25T11:07:46 IST" name="loginAsBankManager" finished-at="2022-12-25T11:07:46 IST" duration-ms="221" status="PASS">
          <reporter-output>
          </reporter-output>
        </test-method> <!-- loginAsBankManager -->
      </class> <!-- com.w2a.testcases.BankManagerLoginTest -->
    </test> <!-- Bank Manager Login Test -->
    <test started-at="2022-12-25T11:07:47 IST" name="Add Customer Test" finished-at="2022-12-25T11:07:53 IST" duration-ms="6558">
      <class name="com.w2a.testcases.AddCustomerTest">
        <test-method signature="addCustomer(java.lang.String,java.lang.String,java.lang.String)[pri:0, instance:com.w2a.testcases.AddCustomerTest@53e211ee]" started-at="2022-12-25T11:07:47 IST" name="addCustomer" data-provider="dp" finished-at="2022-12-25T11:07:53 IST" duration-ms="6497" status="PASS">
          <params>
            <param index="0">
              <value>
                <![CDATA[Rahul]]>
              </value>
            </param>
            <param index="1">
              <value>
                <![CDATA[Arora]]>
              </value>
            </param>
            <param index="2">
              <value>
                <![CDATA[A23434]]>
              </value>
            </param>
          </params>
          <reporter-output>
          </reporter-output>
        </test-method> <!-- addCustomer -->
      </class> <!-- com.w2a.testcases.AddCustomerTest -->
    </test> <!-- Add Customer Test -->
    <test started-at="2022-12-25T11:07:53 IST" name="Open Account Test" finished-at="2022-12-25T11:08:00 IST" duration-ms="7064">
      <class name="com.w2a.testcases.OpenAccountTest">
        <test-method is-config="true" signature="setUp()[pri:0, instance:com.w2a.testcases.OpenAccountTest@2a65bb85]" started-at="2022-12-25T11:07:36 IST" name="setUp" finished-at="2022-12-25T11:07:46 IST" duration-ms="10232" status="PASS">
          <reporter-output>
          </reporter-output>
        </test-method> <!-- setUp -->
        <test-method signature="openAccount(java.lang.String,java.lang.String)[pri:0, instance:com.w2a.testcases.OpenAccountTest@2a65bb85]" started-at="2022-12-25T11:07:53 IST" name="openAccount" data-provider="dp" finished-at="2022-12-25T11:08:00 IST" duration-ms="6614" status="FAIL">
          <params>
            <param index="0">
              <value>
                <![CDATA[Rahul Arora]]>
              </value>
            </param>
            <param index="1">
              <value>
                <![CDATA[Rupee]]>
              </value>
            </param>
          </params>
          <exception class="java.lang.AssertionError">
            <message>
              <![CDATA[null]]>
            </message>
            <full-stacktrace>
              <![CDATA[java.lang.AssertionError: null
at org.testng.Assert.fail(Assert.java:99)
at org.testng.Assert.fail(Assert.java:106)
at com.w2a.testcases.OpenAccountTest.openAccount(OpenAccountTest.java:30)
at java.base/jdk.internal.reflect.NativeMethodAccessorImpl.invoke0(Native Method)
at java.base/jdk.internal.reflect.NativeMethodAccessorImpl.invoke(NativeMethodAccessorImpl.java:62)
at java.base/jdk.internal.reflect.DelegatingMethodAccessorImpl.invoke(DelegatingMethodAccessorImpl.java:43)
at java.base/java.lang.reflect.Method.invoke(Method.java:566)
at org.testng.internal.MethodInvocationHelper.invokeMethod(MethodInvocationHelper.java:133)
at org.testng.internal.TestInvoker.invokeMethod(TestInvoker.java:598)
at org.testng.internal.TestInvoker.invokeTestMethod(TestInvoker.java:173)
at org.testng.internal.MethodRunner.runInSequence(MethodRunner.java:46)
at org.testng.internal.TestInvoker$MethodInvocationAgent.invoke(TestInvoker.java:824)
at org.testng.internal.TestInvoker.invokeTestMethods(TestInvoker.java:146)
at org.testng.internal.TestMethodWorker.invokeTestMethods(TestMethodWorker.java:146)
at org.testng.internal.TestMethodWorker.run(TestMethodWorker.java:128)
at java.base/java.util.ArrayList.forEach(ArrayList.java:1541)
at org.testng.TestRunner.privateRun(TestRunner.java:794)
at org.testng.TestRunner.run(TestRunner.java:596)
at org.testng.SuiteRunner.runTest(SuiteRunner.java:377)
at org.testng.SuiteRunner.runSequentially(SuiteRunner.java:371)
at org.testng.SuiteRunner.privateRun(SuiteRunner.java:332)
at org.testng.SuiteRunner.run(SuiteRunner.java:276)
at org.testng.SuiteRunnerWorker.runSuite(SuiteRunnerWorker.java:53)
at org.testng.SuiteRunnerWorker.run(SuiteRunnerWorker.java:96)
at org.testng.TestNG.runSuitesSequentially(TestNG.java:1212)
at org.testng.TestNG.runSuitesLocally(TestNG.java:1134)
at org.testng.TestNG.runSuites(TestNG.java:1063)
at org.testng.TestNG.run(TestNG.java:1031)
at org.testng.remote.AbstractRemoteTestNG.run(AbstractRemoteTestNG.java:115)
at org.testng.remote.RemoteTestNG.initAndRun(RemoteTestNG.java:251)
at org.testng.remote.RemoteTestNG.main(RemoteTestNG.java:77)
]]>
            </full-stacktrace>
          </exception> <!-- java.lang.AssertionError -->
          <reporter-output>
            <line>
              <![CDATA[Test cases : OpenAccountTest.openAccount(java.lang.String,java.lang.String)[pri:0, instance:com.w2a.testcases.OpenAccountTest@2a65bb85]---->null]]>
            </line>
            <line>
              <![CDATA[<a target="_blank" href=Sun_Dec_25_11_08_00_IST_2022.jpg>Screenshot Captured</a>]]>
            </line>
            <line>
              <![CDATA[<a target="_blank" href=Sun_Dec_25_11_08_00_IST_2022.jpg><img src=Sun_Dec_25_11_08_00_IST_2022.jpg height=200 width=200></a>]]>
            </line>
          </reporter-output>
        </test-method> <!-- openAccount -->
        <test-method is-config="true" signature="tearDown()[pri:0, instance:com.w2a.testcases.OpenAccountTest@2a65bb85]" started-at="2022-12-25T11:08:00 IST" name="tearDown" finished-at="2022-12-25T11:08:01 IST" duration-ms="683" status="PASS">
          <reporter-output>
          </reporter-output>
        </test-method> <!-- tearDown -->
      </class> <!-- com.w2a.testcases.OpenAccountTest -->
    </test> <!-- Open Account Test -->
  </suite> <!-- TestNG Learning -->
</testng-results>
