<?xml version="1.0" encoding="UTF-8"?>
<!-- Generated by org.testng.reporters.JUnitXMLReporter -->
<testsuite ignored="0" hostname="DESKTOP-LNHF1UD" failures="1" tests="1" name="Open Account Test" time="7.064" errors="0" timestamp="2022-12-25T11:08:00 IST">
  <testcase classname="com.w2a.testcases.OpenAccountTest" name="openAccount" time="6.614">
    <failure type="java.lang.AssertionError" message="null">
      <![CDATA[java.lang.AssertionError: null
at com.w2a.testcases.OpenAccountTest.openAccount(OpenAccountTest.java:30)
at java.base/java.util.ArrayList.forEach(ArrayList.java:1541)
... Removed 29 stack frames]]>
    </failure>
  </testcase> <!-- openAccount -->
</testsuite> <!-- Open Account Test -->
